#1 [internal] load build definition from Dockerfile
#1 transferring dockerfile: 32B done
#1 DONE 0.0s

#2 [internal] load .dockerignore
#2 transferring context: 2B done
#2 DONE 0.1s

#3 [internal] load metadata for docker.io/library/debian:stable-slim
#3 DONE 0.0s

#4 [ 1/14] FROM docker.io/library/debian:stable-slim
#4 DONE 0.0s

#5 [internal] load build context
#5 transferring context: 1.20kB done
#5 DONE 0.0s

#6 [ 5/14] RUN apt-get clean
#6 CACHED

#7 [ 2/14] WORKDIR /openwrt
#7 CACHED

#8 [ 3/14] RUN apt-get update
#8 CACHED

#9 [ 4/14] RUN apt-get install -y sudo build-essential clang flex g++ gawk gettext       git libncurses5-dev libssl-dev python3-distutils rsync unzip zlib1g-dev       file wget
#9 CACHED

#10 [ 6/14] RUN mkdir /openwrt/scripts
#10 CACHED

#11 [ 7/14] COPY ./scripts/entrypoint.sh /openwrt/scripts/entrypoint.sh
#11 DONE 0.1s

#12 [ 8/14] COPY ./scripts/build.sh /openwrt/scripts/build.sh
#12 DONE 0.1s

#13 [ 9/14] COPY ./scripts/ax3600.config /openwrt/scripts/ax3600.config
#13 DONE 0.1s

#14 [10/14] COPY ./scripts/entrypoint.sh /entrypoint.sh
#14 DONE 0.1s

#15 [11/14] RUN mkdir /openwrt/firmware
#15 DONE 0.5s

#16 [12/14] RUN mkdir /openwrt/src
#16 DONE 0.6s

#17 [13/14] RUN groupadd -r openwrtgrp && useradd -r -g openwrtgrp openwrt
#17 DONE 0.5s

#18 [14/14] RUN chown -R openwrt:openwrtgrp /openwrt
#18 DONE 0.6s

#19 exporting to image
#19 exporting layers
#19 exporting layers 2.7s done
#19 writing image sha256:fbea79d3f31c84cb66c7bbf927c7ef851080d1645b681d262018e252506cfac8 done
#19 naming to docker.io/library/openwrt-builder-ma done
#19 DONE 2.7s
Container openwrt-builder  Creating
Container openwrt-builder  Created
Attaching to openwrt-builder
